<?xml version="1.0" encoding="UTF-8"?>
<!-- Generated by org.testng.reporters.JUnitReportReporter -->
<testsuite hostname="SESHUBABU" name="api.test.UserTest" tests="4" failures="0" timestamp="7 Jul 2023 01:32:49 GMT" time="8.986" errors="0">
  <testcase name="testPostUser" time="4.165" classname="api.test.UserTest"/>
  <testcase name="testgetUser" time="1.273" classname="api.test.UserTest"/>
  <testcase name="testUpDateUser" time="2.440" classname="api.test.UserTest"/>
  <testcase name="testdeleteUser" time="1.108" classname="api.test.UserTest"/>
</testsuite> <!-- api.test.UserTest -->
